2023-09-20 09:59:25.970  INFO 18832 --- [restartedMain] org.daiayum.ftpdemo.FtpDemoApplication   : Starting FtpDemoApplication using Java 11.0.2 on DYUMKHAI-L-2395 with PID 18832 (C:\Users\dyumkhaibam\Downloads\ftp-demo\target\classes started by dyumkhaibam in C:\Users\dyumkhaibam\Downloads\ftp-demo)
2023-09-20 09:59:25.991  INFO 18832 --- [restartedMain] org.daiayum.ftpdemo.FtpDemoApplication   : No active profile set, falling back to 1 default profile: "default"
2023-09-20 09:59:26.106  INFO 18832 --- [restartedMain] .e.DevToolsPropertyDefaultsPostProcessor : Devtools property defaults active! Set 'spring.devtools.add-properties' to 'false' to disable
2023-09-20 09:59:27.058  INFO 18832 --- [restartedMain] o.s.b.d.a.OptionalLiveReloadServer       : LiveReload server is running on port 35729
2023-09-20 09:59:27.086  INFO 18832 --- [restartedMain] org.daiayum.ftpdemo.FtpDemoApplication   : Started FtpDemoApplication in 1.826 seconds (JVM running for 2.43)
2023-09-20 11:15:01.401  INFO 8356 --- [restartedMain] org.daiayum.ftpdemo.FtpDemoApplication   : Starting FtpDemoApplication using Java 11.0.2 on DYUMKHAI-L-2395 with PID 8356 (C:\Users\dyumkhaibam\Downloads\ftp-demo\target\classes started by dyumkhaibam in C:\Users\dyumkhaibam\Downloads\ftp-demo)
2023-09-20 11:15:01.403  INFO 8356 --- [restartedMain] org.daiayum.ftpdemo.FtpDemoApplication   : No active profile set, falling back to 1 default profile: "default"
2023-09-20 11:15:01.475  INFO 8356 --- [restartedMain] .e.DevToolsPropertyDefaultsPostProcessor : Devtools property defaults active! Set 'spring.devtools.add-properties' to 'false' to disable
2023-09-20 11:15:02.161  INFO 8356 --- [restartedMain] o.s.b.d.a.OptionalLiveReloadServer       : LiveReload server is running on port 35729
2023-09-20 11:15:02.186  INFO 8356 --- [restartedMain] org.daiayum.ftpdemo.FtpDemoApplication   : Started FtpDemoApplication in 1.409 seconds (JVM running for 2.029)
2023-09-20 11:15:02.209  INFO 8356 --- [restartedMain] org.daiayum.ftpdemo.FTPService           : Connecting to server 192.168.1.6...
2023-09-20 13:57:00.264  INFO 4588 --- [restartedMain] org.daiayum.ftpdemo.FtpDemoApplication   : Starting FtpDemoApplication using Java 11.0.2 on DYUMKHAI-L-2395 with PID 4588 (C:\Users\dyumkhaibam\Downloads\ftp-demo\target\classes started by dyumkhaibam in C:\Users\dyumkhaibam\Downloads\ftp-demo)
2023-09-20 13:57:00.266  INFO 4588 --- [restartedMain] org.daiayum.ftpdemo.FtpDemoApplication   : No active profile set, falling back to 1 default profile: "default"
2023-09-20 13:57:00.337  INFO 4588 --- [restartedMain] .e.DevToolsPropertyDefaultsPostProcessor : Devtools property defaults active! Set 'spring.devtools.add-properties' to 'false' to disable
2023-09-20 13:57:01.272  INFO 4588 --- [restartedMain] o.s.b.d.a.OptionalLiveReloadServer       : LiveReload server is running on port 35729
2023-09-20 13:57:01.302  INFO 4588 --- [restartedMain] org.daiayum.ftpdemo.FtpDemoApplication   : Started FtpDemoApplication in 1.615 seconds (JVM running for 2.26)
2023-09-20 13:57:01.332  INFO 4588 --- [restartedMain] org.daiayum.ftpdemo.FTPService           : Connecting to server ftp.support.bonitasoft.com...
2023-09-20 14:01:41.039  INFO 4588 --- [File Watcher] rtingClassPathChangeChangedEventListener : Restarting due to 1 class path change (0 additions, 0 deletions, 1 modification)
2023-09-20 14:01:41.136  INFO 4588 --- [restartedMain] org.daiayum.ftpdemo.FtpDemoApplication   : Starting FtpDemoApplication using Java 11.0.2 on DYUMKHAI-L-2395 with PID 4588 (C:\Users\dyumkhaibam\Downloads\ftp-demo\target\classes started by dyumkhaibam in C:\Users\dyumkhaibam\Downloads\ftp-demo)
2023-09-20 14:01:41.136  INFO 4588 --- [restartedMain] org.daiayum.ftpdemo.FtpDemoApplication   : No active profile set, falling back to 1 default profile: "default"
2023-09-20 14:01:41.263  INFO 4588 --- [restartedMain] o.s.b.d.a.OptionalLiveReloadServer       : LiveReload server is running on port 35729
2023-09-20 14:01:41.269  INFO 4588 --- [restartedMain] org.daiayum.ftpdemo.FtpDemoApplication   : Started FtpDemoApplication in 0.171 seconds (JVM running for 282.226)
2023-09-20 14:01:41.271  INFO 4588 --- [restartedMain] .ConditionEvaluationDeltaLoggingListener : Condition evaluation unchanged
2023-09-20 14:01:41.273  INFO 4588 --- [restartedMain] org.daiayum.ftpdemo.FTPService           : Connecting to server ftp.support.bonitasoft.com...
2023-09-20 14:03:44.411  INFO 4588 --- [File Watcher] rtingClassPathChangeChangedEventListener : Restarting due to 1 class path change (0 additions, 0 deletions, 1 modification)
2023-09-20 14:03:44.508  INFO 4588 --- [restartedMain] org.daiayum.ftpdemo.FtpDemoApplication   : Starting FtpDemoApplication using Java 11.0.2 on DYUMKHAI-L-2395 with PID 4588 (C:\Users\dyumkhaibam\Downloads\ftp-demo\target\classes started by dyumkhaibam in C:\Users\dyumkhaibam\Downloads\ftp-demo)
2023-09-20 14:03:44.508  INFO 4588 --- [restartedMain] org.daiayum.ftpdemo.FtpDemoApplication   : No active profile set, falling back to 1 default profile: "default"
2023-09-20 14:03:44.634  INFO 4588 --- [restartedMain] o.s.b.d.a.OptionalLiveReloadServer       : LiveReload server is running on port 35729
2023-09-20 14:03:44.639  INFO 4588 --- [restartedMain] org.daiayum.ftpdemo.FtpDemoApplication   : Started FtpDemoApplication in 0.17 seconds (JVM running for 405.596)
2023-09-20 14:03:44.640  INFO 4588 --- [restartedMain] .ConditionEvaluationDeltaLoggingListener : Condition evaluation unchanged
2023-09-20 14:03:44.642  INFO 4588 --- [restartedMain] org.daiayum.ftpdemo.FTPService           : Connecting to server ftp.support.bonitasoft.com...
2023-09-20 14:19:31.893  INFO 4588 --- [File Watcher] rtingClassPathChangeChangedEventListener : Restarting due to 1 class path change (0 additions, 0 deletions, 1 modification)
2023-09-20 14:19:31.974  INFO 4588 --- [restartedMain] org.daiayum.ftpdemo.FtpDemoApplication   : Starting FtpDemoApplication using Java 11.0.2 on DYUMKHAI-L-2395 with PID 4588 (C:\Users\dyumkhaibam\Downloads\ftp-demo\target\classes started by dyumkhaibam in C:\Users\dyumkhaibam\Downloads\ftp-demo)
2023-09-20 14:19:31.975  INFO 4588 --- [restartedMain] org.daiayum.ftpdemo.FtpDemoApplication   : No active profile set, falling back to 1 default profile: "default"
2023-09-20 14:19:31.978  INFO 4588 --- [restartedMain] org.daiayum.ftpdemo.FtpDemoApplication   : Starting FtpDemoApplication using Java 11.0.2 on DYUMKHAI-L-2395 with PID 4588 (C:\Users\dyumkhaibam\Downloads\ftp-demo\target\classes started by dyumkhaibam in C:\Users\dyumkhaibam\Downloads\ftp-demo)
2023-09-20 14:19:31.981  INFO 4588 --- [restartedMain] org.daiayum.ftpdemo.FtpDemoApplication   : No active profile set, falling back to 1 default profile: "default"
2023-09-20 14:19:32.091  INFO 4588 --- [restartedMain] o.s.b.d.a.OptionalLiveReloadServer       : LiveReload server is running on port 35729
2023-09-20 14:19:32.092  INFO 4588 --- [restartedMain] o.s.b.d.a.OptionalLiveReloadServer       : LiveReload server is running on port 35729
2023-09-20 14:19:32.097  INFO 4588 --- [restartedMain] org.daiayum.ftpdemo.FtpDemoApplication   : Started FtpDemoApplication in 0.159 seconds (JVM running for 1353.055)
2023-09-20 14:19:32.097  INFO 4588 --- [restartedMain] org.daiayum.ftpdemo.FtpDemoApplication   : Started FtpDemoApplication in 0.159 seconds (JVM running for 1353.055)
2023-09-20 14:19:32.099  INFO 4588 --- [restartedMain] .ConditionEvaluationDeltaLoggingListener : Condition evaluation unchanged
2023-09-20 14:19:32.099  INFO 4588 --- [restartedMain] .ConditionEvaluationDeltaLoggingListener : Condition evaluation unchanged
2023-09-20 14:19:32.100  INFO 4588 --- [restartedMain] org.daiayum.ftpdemo.FTPService           : Connecting to server ftp.support.bonitasoft.com...
2023-09-20 14:19:32.100  INFO 4588 --- [restartedMain] org.daiayum.ftpdemo.FTPService           : Connecting to server ftp.support.bonitasoft.com...
2023-09-20 14:19:32.226  INFO 4588 --- [restartedMain] .e.DevToolsPropertyDefaultsPostProcessor : Devtools property defaults active! Set 'spring.devtools.add-properties' to 'false' to disable
2023-09-20 14:19:32.232  INFO 4588 --- [restartedMain] org.daiayum.ftpdemo.FtpDemoApplication   : Starting FtpDemoApplication using Java 11.0.2 on DYUMKHAI-L-2395 with PID 4588 (C:\Users\dyumkhaibam\Downloads\ftp-demo\target\classes started by dyumkhaibam in C:\Users\dyumkhaibam\Downloads\ftp-demo)
2023-09-20 14:19:32.232  INFO 4588 --- [restartedMain] org.daiayum.ftpdemo.FtpDemoApplication   : No active profile set, falling back to 1 default profile: "default"
2023-09-20 14:19:32.341  INFO 4588 --- [restartedMain] o.s.b.d.a.OptionalLiveReloadServer       : LiveReload server is running on port 35729
2023-09-20 14:19:32.346  INFO 4588 --- [restartedMain] org.daiayum.ftpdemo.FtpDemoApplication   : Started FtpDemoApplication in 0.134 seconds (JVM running for 1353.303)
2023-09-20 14:19:32.347  INFO 4588 --- [restartedMain] .ConditionEvaluationDeltaLoggingListener : Condition evaluation unchanged
2023-09-20 14:19:32.349  INFO 4588 --- [restartedMain] org.daiayum.ftpdemo.FTPService           : Connecting to server ftp.support.bonitasoft.com...
2023-09-20 15:54:11.297  INFO 20128 --- [restartedMain] org.daiayum.ftpdemo.FtpDemoApplication   : Starting FtpDemoApplication using Java 11.0.2 on DYUMKHAI-L-2395 with PID 20128 (C:\Users\dyumkhaibam\Downloads\ftp-demo\target\classes started by dyumkhaibam in C:\Users\dyumkhaibam\Downloads\ftp-demo)
2023-09-20 15:54:11.300  INFO 20128 --- [restartedMain] org.daiayum.ftpdemo.FtpDemoApplication   : No active profile set, falling back to 1 default profile: "default"
2023-09-20 15:54:11.400  INFO 20128 --- [restartedMain] .e.DevToolsPropertyDefaultsPostProcessor : Devtools property defaults active! Set 'spring.devtools.add-properties' to 'false' to disable
2023-09-20 15:54:12.227  INFO 20128 --- [restartedMain] o.s.b.d.a.OptionalLiveReloadServer       : LiveReload server is running on port 35729
2023-09-20 15:54:12.250  INFO 20128 --- [restartedMain] org.daiayum.ftpdemo.FtpDemoApplication   : Started FtpDemoApplication in 1.588 seconds (JVM running for 2.26)
2023-09-20 15:54:12.280  INFO 20128 --- [restartedMain] org.daiayum.ftpdemo.FTPService           : Connecting to server http://156.238.16.210/...
2023-09-20 15:55:16.709  INFO 18436 --- [restartedMain] org.daiayum.ftpdemo.FtpDemoApplication   : Starting FtpDemoApplication using Java 11.0.2 on DYUMKHAI-L-2395 with PID 18436 (C:\Users\dyumkhaibam\Downloads\ftp-demo\target\classes started by dyumkhaibam in C:\Users\dyumkhaibam\Downloads\ftp-demo)
2023-09-20 15:55:16.711  INFO 18436 --- [restartedMain] org.daiayum.ftpdemo.FtpDemoApplication   : No active profile set, falling back to 1 default profile: "default"
2023-09-20 15:55:16.781  INFO 18436 --- [restartedMain] .e.DevToolsPropertyDefaultsPostProcessor : Devtools property defaults active! Set 'spring.devtools.add-properties' to 'false' to disable
2023-09-20 15:55:17.471  INFO 18436 --- [restartedMain] o.s.b.d.a.OptionalLiveReloadServer       : LiveReload server is running on port 35729
2023-09-20 15:55:17.498  INFO 18436 --- [restartedMain] org.daiayum.ftpdemo.FtpDemoApplication   : Started FtpDemoApplication in 1.42 seconds (JVM running for 2.041)
2023-09-20 15:55:17.523  INFO 18436 --- [restartedMain] org.daiayum.ftpdemo.FTPService           : Connecting to server 156.238.16.210...
